<?xml version="1.0" encoding="UTF-8"?>
<testng-results ignored="0" total="1" passed="1" failed="0" skipped="0">
  <reporter-output>
  </reporter-output>
  <suite started-at="2022-12-11T06:54:12Z" name="Suite" finished-at="2022-12-11T06:54:16Z" duration-ms="4239">
    <groups>
    </groups>
    <test started-at="2022-12-11T06:54:12Z" name="Test" finished-at="2022-12-11T06:54:16Z" duration-ms="4239">
      <class name="test.EndToEndTest">
        <test-method signature="test1()[pri:0, instance:test.EndToEndTest@3081f72c]" started-at="2022-12-11T06:54:12Z" name="test1" finished-at="2022-12-11T06:54:16Z" duration-ms="4210" status="PASS">
          <reporter-output>
          </reporter-output>
        </test-method> <!-- test1 -->
      </class> <!-- test.EndToEndTest -->
    </test> <!-- Test -->
  </suite> <!-- Suite -->
</testng-results>
