<?xml version="1.0" encoding="UTF-8"?>
<testng-results ignored="0" total="1" passed="1" failed="0" skipped="0">
  <reporter-output>
  </reporter-output>
  <suite started-at="2022-12-11T08:43:00Z" name="Default suite" finished-at="2022-12-11T08:43:03Z" duration-ms="2347">
    <groups>
    </groups>
    <test started-at="2022-12-11T08:43:00Z" name="Default test" finished-at="2022-12-11T08:43:03Z" duration-ms="2347">
      <class name="test.EndToEndTest">
        <test-method signature="test1()[pri:0, instance:test.EndToEndTest@30bce90b]" started-at="2022-12-11T08:43:00Z" name="test1" finished-at="2022-12-11T08:43:03Z" duration-ms="2325" status="PASS">
          <reporter-output>
          </reporter-output>
        </test-method> <!-- test1 -->
      </class> <!-- test.EndToEndTest -->
    </test> <!-- Default test -->
  </suite> <!-- Default suite -->
</testng-results>
